# JRE version: OpenJDK Runtime Environment Corretto-17.0.10.7.1 (17.0.10+7) (build 17.0.10+7-LTS)
# Java VM: OpenJDK 64-Bit Server VM Corretto-17.0.10.7.1 (17.0.10+7-LTS, mixed mode, sharing, tiered, compressed oops, compressed class ptrs, g1 gc, windows-amd64)
GC Precious Log:
 CPUs: 8 total, 8 available
 Memory: 12148M
 Large Page Support: Disabled
 NUMA Support: Disabled
 Compressed Oops: Enabled (32-bit)
 Heap Region Size: 1M
 Heap Min Capacity: 256M
 Heap Initial Capacity: 256M
 Heap Max Capacity: 512M
 Pre-touch: Disabled
 Parallel Workers: 8
 Concurrent Workers: 2
 Concurrent Refinement Workers: 8
 Periodic GC: Disabled
Heap:
 garbage-first heap   total 262144K, used 176071K [0x00000000e0000000, 0x0000000100000000)
  region size 1024K, 102 young (104448K), 3 survivors (3072K)
 Metaspace       used 66304K, committed 67072K, reserved 393216K
  class space    used 8923K, committed 9408K, reserved 327680K
GC Heap History (20 events):
Event: 12.318 GC heap before
{Heap before GC invocations=9 (full 0):
 garbage-first heap   total 262144K, used 43291K [0x00000000e0000000, 0x0000000100000000)
  region size 1024K, 12 young (12288K), 10 survivors (10240K)
 Metaspace       used 49445K, committed 49984K, reserved 393216K
  class space    used 7128K, committed 7360K, reserved 327680K
}
Event: 12.333 GC heap after
{Heap after GC invocations=10 (full 0):
 garbage-first heap   total 262144K, used 42230K [0x00000000e0000000, 0x0000000100000000)
  region size 1024K, 2 young (2048K), 2 survivors (2048K)
 Metaspace       used 49445K, committed 49984K, reserved 393216K
  class space    used 7128K, committed 7360K, reserved 327680K
}
Event: 83.870 GC heap before
{Heap before GC invocations=10 (full 0):
 garbage-first heap   total 262144K, used 195830K [0x00000000e0000000, 0x0000000100000000)
  region size 1024K, 153 young (156672K), 2 survivors (2048K)
 Metaspace       used 54857K, committed 55360K, reserved 393216K
  class space    used 7697K, committed 7936K, reserved 327680K
}
Event: 83.886 GC heap after
{Heap after GC invocations=11 (full 0):
 garbage-first heap   total 262144K, used 48795K [0x00000000e0000000, 0x0000000100000000)
  region size 1024K, 8 young (8192K), 8 survivors (8192K)
 Metaspace       used 54857K, committed 55360K, reserved 393216K
  class space    used 7697K, committed 7936K, reserved 327680K
}
Event: 86.418 GC heap before
{Heap before GC invocations=11 (full 0):
 garbage-first heap   total 262144K, used 196251K [0x00000000e0000000, 0x0000000100000000)
  region size 1024K, 153 young (156672K), 8 survivors (8192K)
 Metaspace       used 56072K, committed 56704K, reserved 393216K
  class space    used 7787K, committed 8064K, reserved 327680K
}
Event: 86.433 GC heap after
{Heap after GC invocations=12 (full 0):
 garbage-first heap   total 262144K, used 59914K [0x00000000e0000000, 0x0000000100000000)
  region size 1024K, 19 young (19456K), 19 survivors (19456K)
 Metaspace       used 56072K, committed 56704K, reserved 393216K
  class space    used 7787K, committed 8064K, reserved 327680K
}
Event: 87.371 GC heap before
{Heap before GC invocations=12 (full 0):
 garbage-first heap   total 262144K, used 91658K [0x00000000e0000000, 0x0000000100000000)
  region size 1024K, 50 young (51200K), 19 survivors (19456K)
 Metaspace       used 60324K, committed 60928K, reserved 393216K
  class space    used 8377K, committed 8640K, reserved 327680K
}
Event: 87.391 GC heap after
{Heap after GC invocations=13 (full 0):
 garbage-first heap   total 262144K, used 65178K [0x00000000e0000000, 0x0000000100000000)
  region size 1024K, 6 young (6144K), 6 survivors (6144K)
 Metaspace       used 60324K, committed 60928K, reserved 393216K
  class space    used 8377K, committed 8640K, reserved 327680K
}
Event: 200.591 GC heap before
{Heap before GC invocations=14 (full 0):
 garbage-first heap   total 262144K, used 196250K [0x00000000e0000000, 0x0000000100000000)
  region size 1024K, 134 young (137216K), 6 survivors (6144K)
 Metaspace       used 66774K, committed 67456K, reserved 393216K
  class space    used 9123K, committed 9472K, reserved 327680K
}
Event: 200.608 GC heap after
{Heap after GC invocations=15 (full 0):
 garbage-first heap   total 262144K, used 73127K [0x00000000e0000000, 0x0000000100000000)
  region size 1024K, 13 young (13312K), 13 survivors (13312K)
 Metaspace       used 66774K, committed 67456K, reserved 393216K
  class space    used 9123K, committed 9472K, reserved 327680K
}
Event: 200.634 GC heap before
{Heap before GC invocations=15 (full 0):
 garbage-first heap   total 262144K, used 74151K [0x00000000e0000000, 0x0000000100000000)
  region size 1024K, 14 young (14336K), 13 survivors (13312K)
 Metaspace       used 66801K, committed 67520K, reserved 393216K
  class space    used 9123K, committed 9472K, reserved 327680K
}
Event: 200.642 GC heap after
{Heap after GC invocations=16 (full 0):
 garbage-first heap   total 262144K, used 69632K [0x00000000e0000000, 0x0000000100000000)
  region size 1024K, 1 young (1024K), 1 survivors (1024K)
 Metaspace       used 66801K, committed 67520K, reserved 393216K
  class space    used 9123K, committed 9472K, reserved 327680K
}
Event: 615.863 GC heap before
{Heap before GC invocations=16 (full 0):
 garbage-first heap   total 262144K, used 198656K [0x00000000e0000000, 0x0000000100000000)
  region size 1024K, 128 young (131072K), 1 survivors (1024K)
 Metaspace       used 67317K, committed 68032K, reserved 393216K
  class space    used 9128K, committed 9472K, reserved 327680K
}
Event: 615.884 GC heap after
{Heap after GC invocations=17 (full 0):
 garbage-first heap   total 262144K, used 76563K [0x00000000e0000000, 0x0000000100000000)
  region size 1024K, 8 young (8192K), 8 survivors (8192K)
 Metaspace       used 67317K, committed 68032K, reserved 393216K
  class space    used 9128K, committed 9472K, reserved 327680K
}
Event: 734.488 GC heap before
{Heap before GC invocations=18 (full 0):
 garbage-first heap   total 262144K, used 201491K [0x00000000e0000000, 0x0000000100000000)
  region size 1024K, 132 young (135168K), 8 survivors (8192K)
 Metaspace       used 65961K, committed 67072K, reserved 393216K
  class space    used 8910K, committed 9408K, reserved 327680K
}
Event: 734.501 GC heap after
{Heap after GC invocations=19 (full 0):
 garbage-first heap   total 262144K, used 77747K [0x00000000e0000000, 0x0000000100000000)
  region size 1024K, 10 young (10240K), 10 survivors (10240K)
 Metaspace       used 65961K, committed 67072K, reserved 393216K
  class space    used 8910K, committed 9408K, reserved 327680K
}
Event: 734.568 GC heap before
{Heap before GC invocations=19 (full 0):
 garbage-first heap   total 262144K, used 79795K [0x00000000e0000000, 0x0000000100000000)
  region size 1024K, 12 young (12288K), 10 survivors (10240K)
 Metaspace       used 65961K, committed 67072K, reserved 393216K
  class space    used 8910K, committed 9408K, reserved 327680K
}
Event: 734.618 GC heap after
{Heap after GC invocations=20 (full 0):
 garbage-first heap   total 262144K, used 75967K [0x00000000e0000000, 0x0000000100000000)
  region size 1024K, 2 young (2048K), 2 survivors (2048K)
 Metaspace       used 65961K, committed 67072K, reserved 393216K
  class space    used 8910K, committed 9408K, reserved 327680K
}
Event: 746.434 GC heap before
{Heap before GC invocations=20 (full 0):
 garbage-first heap   total 262144K, used 202943K [0x00000000e0000000, 0x0000000100000000)
  region size 1024K, 127 young (130048K), 2 survivors (2048K)
 Metaspace       used 66203K, committed 67072K, reserved 393216K
  class space    used 8922K, committed 9408K, reserved 327680K
}
Event: 746.439 GC heap after
{Heap after GC invocations=21 (full 0):
 garbage-first heap   total 262144K, used 76743K [0x00000000e0000000, 0x0000000100000000)
  region size 1024K, 3 young (3072K), 3 survivors (3072K)
 Metaspace       used 66203K, committed 67072K, reserved 393216K
  class space    used 8922K, committed 9408K, reserved 327680K
}

